<?xml version="1.0" encoding="UTF-8"?>
<testsuite xmlns:xsi="http://www.w3.org/2001/XMLSchema-instance" xsi:noNamespaceSchemaLocation="https://maven.apache.org/surefire/maven-surefire-plugin/xsd/surefire-test-report.xsd" name="SpringNewsTest" time="0.001" tests="1" errors="1" skipped="0" failures="0">
  <properties>
    <property name="sun.desktop" value="gnome"/>
    <property name="awt.toolkit" value="sun.awt.X11.XToolkit"/>
    <property name="file.encoding.pkg" value="sun.io"/>
    <property name="java.specification.version" value="1.8"/>
    <property name="sun.cpu.isalist" value=""/>
    <property name="sun.jnu.encoding" value="UTF-8"/>
    <property name="java.class.path" value="/home/jtamland/Documents/springNews/target/test-classes:/home/jtamland/Documents/springNews/target/classes:/home/jtamland/.m2/repository/org/springframework/boot/spring-boot-starter-data-jpa/2.0.0.M5/spring-boot-starter-data-jpa-2.0.0.M5.jar:/home/jtamland/.m2/repository/org/springframework/boot/spring-boot-starter/2.0.0.M5/spring-boot-starter-2.0.0.M5.jar:/home/jtamland/.m2/repository/org/springframework/boot/spring-boot-starter-logging/2.0.0.M5/spring-boot-starter-logging-2.0.0.M5.jar:/home/jtamland/.m2/repository/ch/qos/logback/logback-classic/1.2.3/logback-classic-1.2.3.jar:/home/jtamland/.m2/repository/ch/qos/logback/logback-core/1.2.3/logback-core-1.2.3.jar:/home/jtamland/.m2/repository/org/slf4j/jul-to-slf4j/1.7.25/jul-to-slf4j-1.7.25.jar:/home/jtamland/.m2/repository/org/slf4j/log4j-over-slf4j/1.7.25/log4j-over-slf4j-1.7.25.jar:/home/jtamland/.m2/repository/javax/annotation/javax.annotation-api/1.3.1/javax.annotation-api-1.3.1.jar:/home/jtamland/.m2/repository/org/yaml/snakeyaml/1.18/snakeyaml-1.18.jar:/home/jtamland/.m2/repository/org/springframework/boot/spring-boot-starter-aop/2.0.0.M5/spring-boot-starter-aop-2.0.0.M5.jar:/home/jtamland/.m2/repository/org/springframework/spring-aop/5.0.0.RELEASE/spring-aop-5.0.0.RELEASE.jar:/home/jtamland/.m2/repository/org/aspectj/aspectjweaver/1.8.11/aspectjweaver-1.8.11.jar:/home/jtamland/.m2/repository/org/springframework/boot/spring-boot-starter-jdbc/2.0.0.M5/spring-boot-starter-jdbc-2.0.0.M5.jar:/home/jtamland/.m2/repository/com/zaxxer/HikariCP/2.7.2/HikariCP-2.7.2.jar:/home/jtamland/.m2/repository/org/springframework/spring-jdbc/5.0.0.RELEASE/spring-jdbc-5.0.0.RELEASE.jar:/home/jtamland/.m2/repository/org/hibernate/hibernate-core/5.2.11.Final/hibernate-core-5.2.11.Final.jar:/home/jtamland/.m2/repository/org/jboss/logging/jboss-logging/3.3.1.Final/jboss-logging-3.3.1.Final.jar:/home/jtamland/.m2/repository/org/hibernate/javax/persistence/hibernate-jpa-2.1-api/1.0.0.Final/hibernate-jpa-2.1-api-1.0.0.Final.jar:/home/jtamland/.m2/repository/org/javassist/javassist/3.22.0-CR2/javassist-3.22.0-CR2.jar:/home/jtamland/.m2/repository/antlr/antlr/2.7.7/antlr-2.7.7.jar:/home/jtamland/.m2/repository/org/jboss/jandex/2.0.3.Final/jandex-2.0.3.Final.jar:/home/jtamland/.m2/repository/com/fasterxml/classmate/1.3.4/classmate-1.3.4.jar:/home/jtamland/.m2/repository/dom4j/dom4j/1.6.1/dom4j-1.6.1.jar:/home/jtamland/.m2/repository/org/hibernate/common/hibernate-commons-annotations/5.0.1.Final/hibernate-commons-annotations-5.0.1.Final.jar:/home/jtamland/.m2/repository/javax/transaction/javax.transaction-api/1.2/javax.transaction-api-1.2.jar:/home/jtamland/.m2/repository/org/springframework/data/spring-data-jpa/2.0.0.RELEASE/spring-data-jpa-2.0.0.RELEASE.jar:/home/jtamland/.m2/repository/org/springframework/data/spring-data-commons/2.0.0.RELEASE/spring-data-commons-2.0.0.RELEASE.jar:/home/jtamland/.m2/repository/org/springframework/spring-orm/5.0.0.RELEASE/spring-orm-5.0.0.RELEASE.jar:/home/jtamland/.m2/repository/org/springframework/spring-context/5.0.0.RELEASE/spring-context-5.0.0.RELEASE.jar:/home/jtamland/.m2/repository/org/springframework/spring-tx/5.0.0.RELEASE/spring-tx-5.0.0.RELEASE.jar:/home/jtamland/.m2/repository/org/springframework/spring-beans/5.0.0.RELEASE/spring-beans-5.0.0.RELEASE.jar:/home/jtamland/.m2/repository/org/slf4j/slf4j-api/1.7.25/slf4j-api-1.7.25.jar:/home/jtamland/.m2/repository/org/springframework/spring-aspects/5.0.0.RELEASE/spring-aspects-5.0.0.RELEASE.jar:/home/jtamland/.m2/repository/org/springframework/boot/spring-boot-starter-thymeleaf/2.0.0.M5/spring-boot-starter-thymeleaf-2.0.0.M5.jar:/home/jtamland/.m2/repository/org/thymeleaf/thymeleaf-spring5/3.0.8.RELEASE/thymeleaf-spring5-3.0.8.RELEASE.jar:/home/jtamland/.m2/repository/org/thymeleaf/thymeleaf/3.0.8.RELEASE/thymeleaf-3.0.8.RELEASE.jar:/home/jtamland/.m2/repository/org/attoparser/attoparser/2.0.4.RELEASE/attoparser-2.0.4.RELEASE.jar:/home/jtamland/.m2/repository/org/unbescape/unbescape/1.1.5.RELEASE/unbescape-1.1.5.RELEASE.jar:/home/jtamland/.m2/repository/org/thymeleaf/extras/thymeleaf-extras-java8time/3.0.1.RELEASE/thymeleaf-extras-java8time-3.0.1.RELEASE.jar:/home/jtamland/.m2/repository/org/springframework/boot/spring-boot-starter-web/2.0.0.M5/spring-boot-starter-web-2.0.0.M5.jar:/home/jtamland/.m2/repository/org/springframework/boot/spring-boot-starter-json/2.0.0.M5/spring-boot-starter-json-2.0.0.M5.jar:/home/jtamland/.m2/repository/com/fasterxml/jackson/core/jackson-databind/2.9.1/jackson-databind-2.9.1.jar:/home/jtamland/.m2/repository/com/fasterxml/jackson/core/jackson-annotations/2.9.0/jackson-annotations-2.9.0.jar:/home/jtamland/.m2/repository/com/fasterxml/jackson/core/jackson-core/2.9.1/jackson-core-2.9.1.jar:/home/jtamland/.m2/repository/com/fasterxml/jackson/datatype/jackson-datatype-jdk8/2.9.1/jackson-datatype-jdk8-2.9.1.jar:/home/jtamland/.m2/repository/com/fasterxml/jackson/datatype/jackson-datatype-jsr310/2.9.1/jackson-datatype-jsr310-2.9.1.jar:/home/jtamland/.m2/repository/com/fasterxml/jackson/module/jackson-module-parameter-names/2.9.1/jackson-module-parameter-names-2.9.1.jar:/home/jtamland/.m2/repository/com/fasterxml/jackson/module/jackson-module-kotlin/2.9.1/jackson-module-kotlin-2.9.1.jar:/home/jtamland/.m2/repository/org/springframework/boot/spring-boot-starter-tomcat/2.0.0.M5/spring-boot-starter-tomcat-2.0.0.M5.jar:/home/jtamland/.m2/repository/org/apache/tomcat/embed/tomcat-embed-core/8.5.23/tomcat-embed-core-8.5.23.jar:/home/jtamland/.m2/repository/org/apache/tomcat/tomcat-annotations-api/8.5.23/tomcat-annotations-api-8.5.23.jar:/home/jtamland/.m2/repository/org/apache/tomcat/embed/tomcat-embed-el/8.5.23/tomcat-embed-el-8.5.23.jar:/home/jtamland/.m2/repository/org/apache/tomcat/embed/tomcat-embed-websocket/8.5.23/tomcat-embed-websocket-8.5.23.jar:/home/jtamland/.m2/repository/org/hibernate/validator/hibernate-validator/6.0.2.Final/hibernate-validator-6.0.2.Final.jar:/home/jtamland/.m2/repository/javax/validation/validation-api/2.0.0.Final/validation-api-2.0.0.Final.jar:/home/jtamland/.m2/repository/org/springframework/spring-web/5.0.0.RELEASE/spring-web-5.0.0.RELEASE.jar:/home/jtamland/.m2/repository/org/springframework/spring-webmvc/5.0.0.RELEASE/spring-webmvc-5.0.0.RELEASE.jar:/home/jtamland/.m2/repository/org/springframework/spring-expression/5.0.0.RELEASE/spring-expression-5.0.0.RELEASE.jar:/home/jtamland/.m2/repository/org/springframework/boot/spring-boot-devtools/2.0.0.M5/spring-boot-devtools-2.0.0.M5.jar:/home/jtamland/.m2/repository/org/springframework/boot/spring-boot/2.0.0.M5/spring-boot-2.0.0.M5.jar:/home/jtamland/.m2/repository/org/springframework/boot/spring-boot-autoconfigure/2.0.0.M5/spring-boot-autoconfigure-2.0.0.M5.jar:/home/jtamland/.m2/repository/org/springframework/boot/spring-boot-starter-test/2.0.0.M5/spring-boot-starter-test-2.0.0.M5.jar:/home/jtamland/.m2/repository/org/springframework/boot/spring-boot-test/2.0.0.M5/spring-boot-test-2.0.0.M5.jar:/home/jtamland/.m2/repository/org/springframework/boot/spring-boot-test-autoconfigure/2.0.0.M5/spring-boot-test-autoconfigure-2.0.0.M5.jar:/home/jtamland/.m2/repository/com/jayway/jsonpath/json-path/2.4.0/json-path-2.4.0.jar:/home/jtamland/.m2/repository/net/minidev/json-smart/2.3/json-smart-2.3.jar:/home/jtamland/.m2/repository/net/minidev/accessors-smart/1.2/accessors-smart-1.2.jar:/home/jtamland/.m2/repository/org/ow2/asm/asm/5.0.4/asm-5.0.4.jar:/home/jtamland/.m2/repository/junit/junit/4.12/junit-4.12.jar:/home/jtamland/.m2/repository/org/assertj/assertj-core/3.8.0/assertj-core-3.8.0.jar:/home/jtamland/.m2/repository/org/mockito/mockito-core/2.10.0/mockito-core-2.10.0.jar:/home/jtamland/.m2/repository/net/bytebuddy/byte-buddy/1.7.6/byte-buddy-1.7.6.jar:/home/jtamland/.m2/repository/net/bytebuddy/byte-buddy-agent/1.7.6/byte-buddy-agent-1.7.6.jar:/home/jtamland/.m2/repository/org/objenesis/objenesis/2.6/objenesis-2.6.jar:/home/jtamland/.m2/repository/org/hamcrest/hamcrest-core/1.3/hamcrest-core-1.3.jar:/home/jtamland/.m2/repository/org/hamcrest/hamcrest-library/1.3/hamcrest-library-1.3.jar:/home/jtamland/.m2/repository/org/skyscreamer/jsonassert/1.5.0/jsonassert-1.5.0.jar:/home/jtamland/.m2/repository/com/vaadin/external/google/android-json/0.0.20131108.vaadin1/android-json-0.0.20131108.vaadin1.jar:/home/jtamland/.m2/repository/org/springframework/spring-core/5.0.0.RELEASE/spring-core-5.0.0.RELEASE.jar:/home/jtamland/.m2/repository/org/springframework/spring-jcl/5.0.0.RELEASE/spring-jcl-5.0.0.RELEASE.jar:/home/jtamland/.m2/repository/org/springframework/spring-test/5.0.0.RELEASE/spring-test-5.0.0.RELEASE.jar:/home/jtamland/.m2/repository/org/xmlunit/xmlunit-core/2.5.0/xmlunit-core-2.5.0.jar:/home/jtamland/.m2/repository/com/h2database/h2/1.4.196/h2-1.4.196.jar:/home/jtamland/.m2/repository/org/postgresql/postgresql/42.1.4/postgresql-42.1.4.jar:/home/jtamland/.m2/repository/org/projectlombok/lombok/1.16.18/lombok-1.16.18.jar:/home/jtamland/.m2/repository/org/jacoco/jacoco-maven-plugin/0.7.5.201505241946/jacoco-maven-plugin-0.7.5.201505241946.jar:/home/jtamland/.m2/repository/org/apache/maven/maven-plugin-api/2.2.1/maven-plugin-api-2.2.1.jar:/home/jtamland/.m2/repository/org/apache/maven/maven-project/2.2.1/maven-project-2.2.1.jar:/home/jtamland/.m2/repository/org/apache/maven/maven-settings/2.2.1/maven-settings-2.2.1.jar:/home/jtamland/.m2/repository/org/apache/maven/maven-profile/2.2.1/maven-profile-2.2.1.jar:/home/jtamland/.m2/repository/org/apache/maven/maven-model/2.2.1/maven-model-2.2.1.jar:/home/jtamland/.m2/repository/org/apache/maven/maven-artifact-manager/2.2.1/maven-artifact-manager-2.2.1.jar:/home/jtamland/.m2/repository/org/apache/maven/maven-repository-metadata/2.2.1/maven-repository-metadata-2.2.1.jar:/home/jtamland/.m2/repository/org/apache/maven/wagon/wagon-provider-api/1.0-beta-6/wagon-provider-api-1.0-beta-6.jar:/home/jtamland/.m2/repository/backport-util-concurrent/backport-util-concurrent/3.1/backport-util-concurrent-3.1.jar:/home/jtamland/.m2/repository/org/apache/maven/maven-plugin-registry/2.2.1/maven-plugin-registry-2.2.1.jar:/home/jtamland/.m2/repository/org/codehaus/plexus/plexus-interpolation/1.11/plexus-interpolation-1.11.jar:/home/jtamland/.m2/repository/org/apache/maven/maven-artifact/2.2.1/maven-artifact-2.2.1.jar:/home/jtamland/.m2/repository/org/codehaus/plexus/plexus-container-default/1.0-alpha-9-stable-1/plexus-container-default-1.0-alpha-9-stable-1.jar:/home/jtamland/.m2/repository/classworlds/classworlds/1.1-alpha-2/classworlds-1.1-alpha-2.jar:/home/jtamland/.m2/repository/org/codehaus/plexus/plexus-utils/1.5.6/plexus-utils-1.5.6.jar:/home/jtamland/.m2/repository/org/apache/maven/shared/file-management/1.2.1/file-management-1.2.1.jar:/home/jtamland/.m2/repository/org/apache/maven/shared/maven-shared-io/1.1/maven-shared-io-1.1.jar:/home/jtamland/.m2/repository/org/apache/maven/reporting/maven-reporting-api/2.2.1/maven-reporting-api-2.2.1.jar:/home/jtamland/.m2/repository/org/apache/maven/doxia/doxia-sink-api/1.1/doxia-sink-api-1.1.jar:/home/jtamland/.m2/repository/org/apache/maven/doxia/doxia-logging-api/1.1/doxia-logging-api-1.1.jar:/home/jtamland/.m2/repository/org/apache/maven/reporting/maven-reporting-impl/2.1/maven-reporting-impl-2.1.jar:/home/jtamland/.m2/repository/org/apache/maven/doxia/doxia-core/1.1.2/doxia-core-1.1.2.jar:/home/jtamland/.m2/repository/xerces/xercesImpl/2.8.1/xercesImpl-2.8.1.jar:/home/jtamland/.m2/repository/commons-lang/commons-lang/2.4/commons-lang-2.4.jar:/home/jtamland/.m2/repository/commons-httpclient/commons-httpclient/3.1/commons-httpclient-3.1.jar:/home/jtamland/.m2/repository/commons-codec/commons-codec/1.10/commons-codec-1.10.jar:/home/jtamland/.m2/repository/org/apache/maven/doxia/doxia-site-renderer/1.1.2/doxia-site-renderer-1.1.2.jar:/home/jtamland/.m2/repository/org/apache/maven/doxia/doxia-decoration-model/1.1.2/doxia-decoration-model-1.1.2.jar:/home/jtamland/.m2/repository/org/apache/maven/doxia/doxia-module-xhtml/1.1.2/doxia-module-xhtml-1.1.2.jar:/home/jtamland/.m2/repository/org/apache/maven/doxia/doxia-module-fml/1.1.2/doxia-module-fml-1.1.2.jar:/home/jtamland/.m2/repository/org/codehaus/plexus/plexus-i18n/1.0-beta-7/plexus-i18n-1.0-beta-7.jar:/home/jtamland/.m2/repository/org/codehaus/plexus/plexus-velocity/1.1.7/plexus-velocity-1.1.7.jar:/home/jtamland/.m2/repository/org/apache/velocity/velocity/1.5/velocity-1.5.jar:/home/jtamland/.m2/repository/commons-collections/commons-collections/3.2.2/commons-collections-3.2.2.jar:/home/jtamland/.m2/repository/commons-validator/commons-validator/1.2.0/commons-validator-1.2.0.jar:/home/jtamland/.m2/repository/commons-beanutils/commons-beanutils/1.9.3/commons-beanutils-1.9.3.jar:/home/jtamland/.m2/repository/commons-digester/commons-digester/2.1/commons-digester-2.1.jar:/home/jtamland/.m2/repository/commons-logging/commons-logging/1.0.4/commons-logging-1.0.4.jar:/home/jtamland/.m2/repository/oro/oro/2.0.8/oro-2.0.8.jar:/home/jtamland/.m2/repository/xml-apis/xml-apis/1.4.01/xml-apis-1.4.01.jar:/home/jtamland/.m2/repository/org/jacoco/org.jacoco.agent/0.7.5.201505241946/org.jacoco.agent-0.7.5.201505241946-runtime.jar:/home/jtamland/.m2/repository/org/jacoco/org.jacoco.core/0.7.5.201505241946/org.jacoco.core-0.7.5.201505241946.jar:/home/jtamland/.m2/repository/org/ow2/asm/asm-debug-all/5.0.1/asm-debug-all-5.0.1.jar:/home/jtamland/.m2/repository/org/jacoco/org.jacoco.report/0.7.5.201505241946/org.jacoco.report-0.7.5.201505241946.jar:"/>
    <property name="java.vm.vendor" value="Oracle Corporation"/>
    <property name="sun.arch.data.model" value="64"/>
    <property name="java.vendor.url" value="http://java.oracle.com/"/>
    <property name="user.timezone" value=""/>
    <property name="user.country.format" value="FI"/>
    <property name="java.vm.specification.version" value="1.8"/>
    <property name="os.name" value="Linux"/>
    <property name="user.country" value="GB"/>
    <property name="sun.java.launcher" value="SUN_STANDARD"/>
    <property name="sun.boot.library.path" value="/usr/lib/jvm/java-8-oracle/jre/lib/amd64"/>
    <property name="sun.java.command" value="/home/jtamland/Documents/springNews/target/surefire/surefirebooter7536458021231294939.jar /home/jtamland/Documents/springNews/target/surefire 2017-12-08T23-49-29_895-jvmRun1 surefire4998954573574801414tmp surefire_07349333865016700256tmp"/>
    <property name="surefire.test.class.path" value="/home/jtamland/Documents/springNews/target/test-classes:/home/jtamland/Documents/springNews/target/classes:/home/jtamland/.m2/repository/org/springframework/boot/spring-boot-starter-data-jpa/2.0.0.M5/spring-boot-starter-data-jpa-2.0.0.M5.jar:/home/jtamland/.m2/repository/org/springframework/boot/spring-boot-starter/2.0.0.M5/spring-boot-starter-2.0.0.M5.jar:/home/jtamland/.m2/repository/org/springframework/boot/spring-boot-starter-logging/2.0.0.M5/spring-boot-starter-logging-2.0.0.M5.jar:/home/jtamland/.m2/repository/ch/qos/logback/logback-classic/1.2.3/logback-classic-1.2.3.jar:/home/jtamland/.m2/repository/ch/qos/logback/logback-core/1.2.3/logback-core-1.2.3.jar:/home/jtamland/.m2/repository/org/slf4j/jul-to-slf4j/1.7.25/jul-to-slf4j-1.7.25.jar:/home/jtamland/.m2/repository/org/slf4j/log4j-over-slf4j/1.7.25/log4j-over-slf4j-1.7.25.jar:/home/jtamland/.m2/repository/javax/annotation/javax.annotation-api/1.3.1/javax.annotation-api-1.3.1.jar:/home/jtamland/.m2/repository/org/yaml/snakeyaml/1.18/snakeyaml-1.18.jar:/home/jtamland/.m2/repository/org/springframework/boot/spring-boot-starter-aop/2.0.0.M5/spring-boot-starter-aop-2.0.0.M5.jar:/home/jtamland/.m2/repository/org/springframework/spring-aop/5.0.0.RELEASE/spring-aop-5.0.0.RELEASE.jar:/home/jtamland/.m2/repository/org/aspectj/aspectjweaver/1.8.11/aspectjweaver-1.8.11.jar:/home/jtamland/.m2/repository/org/springframework/boot/spring-boot-starter-jdbc/2.0.0.M5/spring-boot-starter-jdbc-2.0.0.M5.jar:/home/jtamland/.m2/repository/com/zaxxer/HikariCP/2.7.2/HikariCP-2.7.2.jar:/home/jtamland/.m2/repository/org/springframework/spring-jdbc/5.0.0.RELEASE/spring-jdbc-5.0.0.RELEASE.jar:/home/jtamland/.m2/repository/org/hibernate/hibernate-core/5.2.11.Final/hibernate-core-5.2.11.Final.jar:/home/jtamland/.m2/repository/org/jboss/logging/jboss-logging/3.3.1.Final/jboss-logging-3.3.1.Final.jar:/home/jtamland/.m2/repository/org/hibernate/javax/persistence/hibernate-jpa-2.1-api/1.0.0.Final/hibernate-jpa-2.1-api-1.0.0.Final.jar:/home/jtamland/.m2/repository/org/javassist/javassist/3.22.0-CR2/javassist-3.22.0-CR2.jar:/home/jtamland/.m2/repository/antlr/antlr/2.7.7/antlr-2.7.7.jar:/home/jtamland/.m2/repository/org/jboss/jandex/2.0.3.Final/jandex-2.0.3.Final.jar:/home/jtamland/.m2/repository/com/fasterxml/classmate/1.3.4/classmate-1.3.4.jar:/home/jtamland/.m2/repository/dom4j/dom4j/1.6.1/dom4j-1.6.1.jar:/home/jtamland/.m2/repository/org/hibernate/common/hibernate-commons-annotations/5.0.1.Final/hibernate-commons-annotations-5.0.1.Final.jar:/home/jtamland/.m2/repository/javax/transaction/javax.transaction-api/1.2/javax.transaction-api-1.2.jar:/home/jtamland/.m2/repository/org/springframework/data/spring-data-jpa/2.0.0.RELEASE/spring-data-jpa-2.0.0.RELEASE.jar:/home/jtamland/.m2/repository/org/springframework/data/spring-data-commons/2.0.0.RELEASE/spring-data-commons-2.0.0.RELEASE.jar:/home/jtamland/.m2/repository/org/springframework/spring-orm/5.0.0.RELEASE/spring-orm-5.0.0.RELEASE.jar:/home/jtamland/.m2/repository/org/springframework/spring-context/5.0.0.RELEASE/spring-context-5.0.0.RELEASE.jar:/home/jtamland/.m2/repository/org/springframework/spring-tx/5.0.0.RELEASE/spring-tx-5.0.0.RELEASE.jar:/home/jtamland/.m2/repository/org/springframework/spring-beans/5.0.0.RELEASE/spring-beans-5.0.0.RELEASE.jar:/home/jtamland/.m2/repository/org/slf4j/slf4j-api/1.7.25/slf4j-api-1.7.25.jar:/home/jtamland/.m2/repository/org/springframework/spring-aspects/5.0.0.RELEASE/spring-aspects-5.0.0.RELEASE.jar:/home/jtamland/.m2/repository/org/springframework/boot/spring-boot-starter-thymeleaf/2.0.0.M5/spring-boot-starter-thymeleaf-2.0.0.M5.jar:/home/jtamland/.m2/repository/org/thymeleaf/thymeleaf-spring5/3.0.8.RELEASE/thymeleaf-spring5-3.0.8.RELEASE.jar:/home/jtamland/.m2/repository/org/thymeleaf/thymeleaf/3.0.8.RELEASE/thymeleaf-3.0.8.RELEASE.jar:/home/jtamland/.m2/repository/org/attoparser/attoparser/2.0.4.RELEASE/attoparser-2.0.4.RELEASE.jar:/home/jtamland/.m2/repository/org/unbescape/unbescape/1.1.5.RELEASE/unbescape-1.1.5.RELEASE.jar:/home/jtamland/.m2/repository/org/thymeleaf/extras/thymeleaf-extras-java8time/3.0.1.RELEASE/thymeleaf-extras-java8time-3.0.1.RELEASE.jar:/home/jtamland/.m2/repository/org/springframework/boot/spring-boot-starter-web/2.0.0.M5/spring-boot-starter-web-2.0.0.M5.jar:/home/jtamland/.m2/repository/org/springframework/boot/spring-boot-starter-json/2.0.0.M5/spring-boot-starter-json-2.0.0.M5.jar:/home/jtamland/.m2/repository/com/fasterxml/jackson/core/jackson-databind/2.9.1/jackson-databind-2.9.1.jar:/home/jtamland/.m2/repository/com/fasterxml/jackson/core/jackson-annotations/2.9.0/jackson-annotations-2.9.0.jar:/home/jtamland/.m2/repository/com/fasterxml/jackson/core/jackson-core/2.9.1/jackson-core-2.9.1.jar:/home/jtamland/.m2/repository/com/fasterxml/jackson/datatype/jackson-datatype-jdk8/2.9.1/jackson-datatype-jdk8-2.9.1.jar:/home/jtamland/.m2/repository/com/fasterxml/jackson/datatype/jackson-datatype-jsr310/2.9.1/jackson-datatype-jsr310-2.9.1.jar:/home/jtamland/.m2/repository/com/fasterxml/jackson/module/jackson-module-parameter-names/2.9.1/jackson-module-parameter-names-2.9.1.jar:/home/jtamland/.m2/repository/com/fasterxml/jackson/module/jackson-module-kotlin/2.9.1/jackson-module-kotlin-2.9.1.jar:/home/jtamland/.m2/repository/org/springframework/boot/spring-boot-starter-tomcat/2.0.0.M5/spring-boot-starter-tomcat-2.0.0.M5.jar:/home/jtamland/.m2/repository/org/apache/tomcat/embed/tomcat-embed-core/8.5.23/tomcat-embed-core-8.5.23.jar:/home/jtamland/.m2/repository/org/apache/tomcat/tomcat-annotations-api/8.5.23/tomcat-annotations-api-8.5.23.jar:/home/jtamland/.m2/repository/org/apache/tomcat/embed/tomcat-embed-el/8.5.23/tomcat-embed-el-8.5.23.jar:/home/jtamland/.m2/repository/org/apache/tomcat/embed/tomcat-embed-websocket/8.5.23/tomcat-embed-websocket-8.5.23.jar:/home/jtamland/.m2/repository/org/hibernate/validator/hibernate-validator/6.0.2.Final/hibernate-validator-6.0.2.Final.jar:/home/jtamland/.m2/repository/javax/validation/validation-api/2.0.0.Final/validation-api-2.0.0.Final.jar:/home/jtamland/.m2/repository/org/springframework/spring-web/5.0.0.RELEASE/spring-web-5.0.0.RELEASE.jar:/home/jtamland/.m2/repository/org/springframework/spring-webmvc/5.0.0.RELEASE/spring-webmvc-5.0.0.RELEASE.jar:/home/jtamland/.m2/repository/org/springframework/spring-expression/5.0.0.RELEASE/spring-expression-5.0.0.RELEASE.jar:/home/jtamland/.m2/repository/org/springframework/boot/spring-boot-devtools/2.0.0.M5/spring-boot-devtools-2.0.0.M5.jar:/home/jtamland/.m2/repository/org/springframework/boot/spring-boot/2.0.0.M5/spring-boot-2.0.0.M5.jar:/home/jtamland/.m2/repository/org/springframework/boot/spring-boot-autoconfigure/2.0.0.M5/spring-boot-autoconfigure-2.0.0.M5.jar:/home/jtamland/.m2/repository/org/springframework/boot/spring-boot-starter-test/2.0.0.M5/spring-boot-starter-test-2.0.0.M5.jar:/home/jtamland/.m2/repository/org/springframework/boot/spring-boot-test/2.0.0.M5/spring-boot-test-2.0.0.M5.jar:/home/jtamland/.m2/repository/org/springframework/boot/spring-boot-test-autoconfigure/2.0.0.M5/spring-boot-test-autoconfigure-2.0.0.M5.jar:/home/jtamland/.m2/repository/com/jayway/jsonpath/json-path/2.4.0/json-path-2.4.0.jar:/home/jtamland/.m2/repository/net/minidev/json-smart/2.3/json-smart-2.3.jar:/home/jtamland/.m2/repository/net/minidev/accessors-smart/1.2/accessors-smart-1.2.jar:/home/jtamland/.m2/repository/org/ow2/asm/asm/5.0.4/asm-5.0.4.jar:/home/jtamland/.m2/repository/junit/junit/4.12/junit-4.12.jar:/home/jtamland/.m2/repository/org/assertj/assertj-core/3.8.0/assertj-core-3.8.0.jar:/home/jtamland/.m2/repository/org/mockito/mockito-core/2.10.0/mockito-core-2.10.0.jar:/home/jtamland/.m2/repository/net/bytebuddy/byte-buddy/1.7.6/byte-buddy-1.7.6.jar:/home/jtamland/.m2/repository/net/bytebuddy/byte-buddy-agent/1.7.6/byte-buddy-agent-1.7.6.jar:/home/jtamland/.m2/repository/org/objenesis/objenesis/2.6/objenesis-2.6.jar:/home/jtamland/.m2/repository/org/hamcrest/hamcrest-core/1.3/hamcrest-core-1.3.jar:/home/jtamland/.m2/repository/org/hamcrest/hamcrest-library/1.3/hamcrest-library-1.3.jar:/home/jtamland/.m2/repository/org/skyscreamer/jsonassert/1.5.0/jsonassert-1.5.0.jar:/home/jtamland/.m2/repository/com/vaadin/external/google/android-json/0.0.20131108.vaadin1/android-json-0.0.20131108.vaadin1.jar:/home/jtamland/.m2/repository/org/springframework/spring-core/5.0.0.RELEASE/spring-core-5.0.0.RELEASE.jar:/home/jtamland/.m2/repository/org/springframework/spring-jcl/5.0.0.RELEASE/spring-jcl-5.0.0.RELEASE.jar:/home/jtamland/.m2/repository/org/springframework/spring-test/5.0.0.RELEASE/spring-test-5.0.0.RELEASE.jar:/home/jtamland/.m2/repository/org/xmlunit/xmlunit-core/2.5.0/xmlunit-core-2.5.0.jar:/home/jtamland/.m2/repository/com/h2database/h2/1.4.196/h2-1.4.196.jar:/home/jtamland/.m2/repository/org/postgresql/postgresql/42.1.4/postgresql-42.1.4.jar:/home/jtamland/.m2/repository/org/projectlombok/lombok/1.16.18/lombok-1.16.18.jar:/home/jtamland/.m2/repository/org/jacoco/jacoco-maven-plugin/0.7.5.201505241946/jacoco-maven-plugin-0.7.5.201505241946.jar:/home/jtamland/.m2/repository/org/apache/maven/maven-plugin-api/2.2.1/maven-plugin-api-2.2.1.jar:/home/jtamland/.m2/repository/org/apache/maven/maven-project/2.2.1/maven-project-2.2.1.jar:/home/jtamland/.m2/repository/org/apache/maven/maven-settings/2.2.1/maven-settings-2.2.1.jar:/home/jtamland/.m2/repository/org/apache/maven/maven-profile/2.2.1/maven-profile-2.2.1.jar:/home/jtamland/.m2/repository/org/apache/maven/maven-model/2.2.1/maven-model-2.2.1.jar:/home/jtamland/.m2/repository/org/apache/maven/maven-artifact-manager/2.2.1/maven-artifact-manager-2.2.1.jar:/home/jtamland/.m2/repository/org/apache/maven/maven-repository-metadata/2.2.1/maven-repository-metadata-2.2.1.jar:/home/jtamland/.m2/repository/org/apache/maven/wagon/wagon-provider-api/1.0-beta-6/wagon-provider-api-1.0-beta-6.jar:/home/jtamland/.m2/repository/backport-util-concurrent/backport-util-concurrent/3.1/backport-util-concurrent-3.1.jar:/home/jtamland/.m2/repository/org/apache/maven/maven-plugin-registry/2.2.1/maven-plugin-registry-2.2.1.jar:/home/jtamland/.m2/repository/org/codehaus/plexus/plexus-interpolation/1.11/plexus-interpolation-1.11.jar:/home/jtamland/.m2/repository/org/apache/maven/maven-artifact/2.2.1/maven-artifact-2.2.1.jar:/home/jtamland/.m2/repository/org/codehaus/plexus/plexus-container-default/1.0-alpha-9-stable-1/plexus-container-default-1.0-alpha-9-stable-1.jar:/home/jtamland/.m2/repository/classworlds/classworlds/1.1-alpha-2/classworlds-1.1-alpha-2.jar:/home/jtamland/.m2/repository/org/codehaus/plexus/plexus-utils/1.5.6/plexus-utils-1.5.6.jar:/home/jtamland/.m2/repository/org/apache/maven/shared/file-management/1.2.1/file-management-1.2.1.jar:/home/jtamland/.m2/repository/org/apache/maven/shared/maven-shared-io/1.1/maven-shared-io-1.1.jar:/home/jtamland/.m2/repository/org/apache/maven/reporting/maven-reporting-api/2.2.1/maven-reporting-api-2.2.1.jar:/home/jtamland/.m2/repository/org/apache/maven/doxia/doxia-sink-api/1.1/doxia-sink-api-1.1.jar:/home/jtamland/.m2/repository/org/apache/maven/doxia/doxia-logging-api/1.1/doxia-logging-api-1.1.jar:/home/jtamland/.m2/repository/org/apache/maven/reporting/maven-reporting-impl/2.1/maven-reporting-impl-2.1.jar:/home/jtamland/.m2/repository/org/apache/maven/doxia/doxia-core/1.1.2/doxia-core-1.1.2.jar:/home/jtamland/.m2/repository/xerces/xercesImpl/2.8.1/xercesImpl-2.8.1.jar:/home/jtamland/.m2/repository/commons-lang/commons-lang/2.4/commons-lang-2.4.jar:/home/jtamland/.m2/repository/commons-httpclient/commons-httpclient/3.1/commons-httpclient-3.1.jar:/home/jtamland/.m2/repository/commons-codec/commons-codec/1.10/commons-codec-1.10.jar:/home/jtamland/.m2/repository/org/apache/maven/doxia/doxia-site-renderer/1.1.2/doxia-site-renderer-1.1.2.jar:/home/jtamland/.m2/repository/org/apache/maven/doxia/doxia-decoration-model/1.1.2/doxia-decoration-model-1.1.2.jar:/home/jtamland/.m2/repository/org/apache/maven/doxia/doxia-module-xhtml/1.1.2/doxia-module-xhtml-1.1.2.jar:/home/jtamland/.m2/repository/org/apache/maven/doxia/doxia-module-fml/1.1.2/doxia-module-fml-1.1.2.jar:/home/jtamland/.m2/repository/org/codehaus/plexus/plexus-i18n/1.0-beta-7/plexus-i18n-1.0-beta-7.jar:/home/jtamland/.m2/repository/org/codehaus/plexus/plexus-velocity/1.1.7/plexus-velocity-1.1.7.jar:/home/jtamland/.m2/repository/org/apache/velocity/velocity/1.5/velocity-1.5.jar:/home/jtamland/.m2/repository/commons-collections/commons-collections/3.2.2/commons-collections-3.2.2.jar:/home/jtamland/.m2/repository/commons-validator/commons-validator/1.2.0/commons-validator-1.2.0.jar:/home/jtamland/.m2/repository/commons-beanutils/commons-beanutils/1.9.3/commons-beanutils-1.9.3.jar:/home/jtamland/.m2/repository/commons-digester/commons-digester/2.1/commons-digester-2.1.jar:/home/jtamland/.m2/repository/commons-logging/commons-logging/1.0.4/commons-logging-1.0.4.jar:/home/jtamland/.m2/repository/oro/oro/2.0.8/oro-2.0.8.jar:/home/jtamland/.m2/repository/xml-apis/xml-apis/1.4.01/xml-apis-1.4.01.jar:/home/jtamland/.m2/repository/org/jacoco/org.jacoco.agent/0.7.5.201505241946/org.jacoco.agent-0.7.5.201505241946-runtime.jar:/home/jtamland/.m2/repository/org/jacoco/org.jacoco.core/0.7.5.201505241946/org.jacoco.core-0.7.5.201505241946.jar:/home/jtamland/.m2/repository/org/ow2/asm/asm-debug-all/5.0.1/asm-debug-all-5.0.1.jar:/home/jtamland/.m2/repository/org/jacoco/org.jacoco.report/0.7.5.201505241946/org.jacoco.report-0.7.5.201505241946.jar:"/>
    <property name="sun.cpu.endian" value="little"/>
    <property name="user.home" value="/home/jtamland"/>
    <property name="user.language" value="en"/>
    <property name="java.specification.vendor" value="Oracle Corporation"/>
    <property name="java.home" value="/usr/lib/jvm/java-8-oracle/jre"/>
    <property name="basedir" value="/home/jtamland/Documents/springNews"/>
    <property name="file.separator" value="/"/>
    <property name="line.separator" value="&#10;"/>
    <property name="java.vm.specification.vendor" value="Oracle Corporation"/>
    <property name="java.specification.name" value="Java Platform API Specification"/>
    <property name="java.awt.graphicsenv" value="sun.awt.X11GraphicsEnvironment"/>
    <property name="surefire.real.class.path" value="/home/jtamland/Documents/springNews/target/surefire/surefirebooter7536458021231294939.jar:/home/jtamland/.m2/repository/org/jacoco/org.jacoco.agent/0.7.5.201505241946/org.jacoco.agent-0.7.5.201505241946-runtime.jar"/>
    <property name="sun.boot.class.path" value="/usr/lib/jvm/java-8-oracle/jre/lib/resources.jar:/usr/lib/jvm/java-8-oracle/jre/lib/rt.jar:/usr/lib/jvm/java-8-oracle/jre/lib/sunrsasign.jar:/usr/lib/jvm/java-8-oracle/jre/lib/jsse.jar:/usr/lib/jvm/java-8-oracle/jre/lib/jce.jar:/usr/lib/jvm/java-8-oracle/jre/lib/charsets.jar:/usr/lib/jvm/java-8-oracle/jre/lib/jfr.jar:/usr/lib/jvm/java-8-oracle/jre/classes"/>
    <property name="sun.management.compiler" value="HotSpot 64-Bit Tiered Compilers"/>
    <property name="java.runtime.version" value="1.8.0_151-b12"/>
    <property name="user.name" value="jtamland"/>
    <property name="path.separator" value=":"/>
    <property name="os.version" value="4.4.0-101-generic"/>
    <property name="java.endorsed.dirs" value="/usr/lib/jvm/java-8-oracle/jre/lib/endorsed"/>
    <property name="java.runtime.name" value="Java(TM) SE Runtime Environment"/>
    <property name="file.encoding" value="UTF-8"/>
    <property name="java.vm.name" value="Java HotSpot(TM) 64-Bit Server VM"/>
    <property name="localRepository" value="/home/jtamland/.m2/repository"/>
    <property name="java.vendor.url.bug" value="http://bugreport.sun.com/bugreport/"/>
    <property name="java.io.tmpdir" value="/tmp"/>
    <property name="java.version" value="1.8.0_151"/>
    <property name="user.dir" value="/home/jtamland/Documents/springNews"/>
    <property name="os.arch" value="amd64"/>
    <property name="java.vm.specification.name" value="Java Virtual Machine Specification"/>
    <property name="java.awt.printerjob" value="sun.print.PSPrinterJob"/>
    <property name="user.language.format" value="fi"/>
    <property name="sun.os.patch.level" value="unknown"/>
    <property name="java.library.path" value="/usr/java/packages/lib/amd64:/usr/lib64:/lib64:/lib:/usr/lib"/>
    <property name="java.vm.info" value="mixed mode"/>
    <property name="java.vendor" value="Oracle Corporation"/>
    <property name="java.vm.version" value="25.151-b12"/>
    <property name="java.ext.dirs" value="/usr/lib/jvm/java-8-oracle/jre/lib/ext:/usr/java/packages/lib/ext"/>
    <property name="sun.io.unicode.encoding" value="UnicodeLittle"/>
    <property name="java.class.version" value="52.0"/>
  </properties>
  <testcase name="initializationError" classname="SpringNewsTest" time="0.001">
    <error message="Unable to find a @SpringBootConfiguration, you need to use @ContextConfiguration or @SpringBootTest(classes=...) with your test" type="java.lang.IllegalStateException">java.lang.IllegalStateException: Unable to find a @SpringBootConfiguration, you need to use @ContextConfiguration or @SpringBootTest(classes=...) with your test
</error>
    <system-out><![CDATA[2017-12-08 23:49:36.443  INFO 29304 --- [           main] .b.t.c.SpringBootTestContextBootstrapper : Neither @ContextConfiguration nor @ContextHierarchy found for test class [SpringNewsTest], using SpringBootContextLoader
2017-12-08 23:49:36.445  INFO 29304 --- [           main] o.s.t.c.support.AbstractContextLoader    : Could not detect default resource locations for test class [SpringNewsTest]: no resource found for suffixes {-context.xml, Context.groovy}.
2017-12-08 23:49:36.445  INFO 29304 --- [           main] t.c.s.AnnotationConfigContextLoaderUtils : Could not detect default configuration classes for test class [SpringNewsTest]: SpringNewsTest does not declare any static, non-private, non-final, nested classes annotated with @Configuration.
]]></system-out>
  </testcase>
</testsuite>